<?xml version="1.0" encoding="UTF-8"?>
<testsuite xmlns:xsi="http://www.w3.org/2001/XMLSchema-instance" xsi:noNamespaceSchemaLocation="https://maven.apache.org/surefire/maven-surefire-plugin/xsd/surefire-test-report-3.0.xsd" version="3.0" name="edu.miu.cs489.tsogt.lab_12.Lab12ApplicationTests" time="8.652" tests="1" errors="0" skipped="0" failures="0">
  <properties>
    <property name="java.specification.version" value="21"/>
    <property name="sun.jnu.encoding" value="UTF-8"/>
    <property name="java.class.path" value="/Users/toshi/Documents/GitHub/Lab12ASD/target/test-classes:/Users/toshi/Documents/GitHub/Lab12ASD/target/classes:/Users/toshi/.m2/repository/com/microsoft/sqlserver/mssql-jdbc/12.6.1.jre11/mssql-jdbc-12.6.1.jre11.jar:/Users/toshi/.m2/repository/org/springframework/boot/spring-boot-starter-data-jpa/3.2.4/spring-boot-starter-data-jpa-3.2.4.jar:/Users/toshi/.m2/repository/org/springframework/boot/spring-boot-starter-aop/3.2.4/spring-boot-starter-aop-3.2.4.jar:/Users/toshi/.m2/repository/org/springframework/spring-aop/6.1.5/spring-aop-6.1.5.jar:/Users/toshi/.m2/repository/org/aspectj/aspectjweaver/1.9.21/aspectjweaver-1.9.21.jar:/Users/toshi/.m2/repository/org/springframework/boot/spring-boot-starter-jdbc/3.2.4/spring-boot-starter-jdbc-3.2.4.jar:/Users/toshi/.m2/repository/com/zaxxer/HikariCP/5.0.1/HikariCP-5.0.1.jar:/Users/toshi/.m2/repository/org/springframework/spring-jdbc/6.1.5/spring-jdbc-6.1.5.jar:/Users/toshi/.m2/repository/org/hibernate/orm/hibernate-core/6.4.4.Final/hibernate-core-6.4.4.Final.jar:/Users/toshi/.m2/repository/jakarta/persistence/jakarta.persistence-api/3.1.0/jakarta.persistence-api-3.1.0.jar:/Users/toshi/.m2/repository/jakarta/transaction/jakarta.transaction-api/2.0.1/jakarta.transaction-api-2.0.1.jar:/Users/toshi/.m2/repository/org/jboss/logging/jboss-logging/3.5.3.Final/jboss-logging-3.5.3.Final.jar:/Users/toshi/.m2/repository/org/hibernate/common/hibernate-commons-annotations/6.0.6.Final/hibernate-commons-annotations-6.0.6.Final.jar:/Users/toshi/.m2/repository/io/smallrye/jandex/3.1.2/jandex-3.1.2.jar:/Users/toshi/.m2/repository/com/fasterxml/classmate/1.6.0/classmate-1.6.0.jar:/Users/toshi/.m2/repository/net/bytebuddy/byte-buddy/1.14.12/byte-buddy-1.14.12.jar:/Users/toshi/.m2/repository/org/glassfish/jaxb/jaxb-runtime/4.0.5/jaxb-runtime-4.0.5.jar:/Users/toshi/.m2/repository/org/glassfish/jaxb/jaxb-core/4.0.5/jaxb-core-4.0.5.jar:/Users/toshi/.m2/repository/org/eclipse/angus/angus-activation/2.0.2/angus-activation-2.0.2.jar:/Users/toshi/.m2/repository/org/glassfish/jaxb/txw2/4.0.5/txw2-4.0.5.jar:/Users/toshi/.m2/repository/com/sun/istack/istack-commons-runtime/4.1.2/istack-commons-runtime-4.1.2.jar:/Users/toshi/.m2/repository/jakarta/inject/jakarta.inject-api/2.0.1/jakarta.inject-api-2.0.1.jar:/Users/toshi/.m2/repository/org/antlr/antlr4-runtime/4.13.0/antlr4-runtime-4.13.0.jar:/Users/toshi/.m2/repository/org/springframework/data/spring-data-jpa/3.2.4/spring-data-jpa-3.2.4.jar:/Users/toshi/.m2/repository/org/springframework/data/spring-data-commons/3.2.4/spring-data-commons-3.2.4.jar:/Users/toshi/.m2/repository/org/springframework/spring-orm/6.1.5/spring-orm-6.1.5.jar:/Users/toshi/.m2/repository/org/springframework/spring-context/6.1.5/spring-context-6.1.5.jar:/Users/toshi/.m2/repository/org/springframework/spring-tx/6.1.5/spring-tx-6.1.5.jar:/Users/toshi/.m2/repository/org/springframework/spring-beans/6.1.5/spring-beans-6.1.5.jar:/Users/toshi/.m2/repository/jakarta/annotation/jakarta.annotation-api/2.1.1/jakarta.annotation-api-2.1.1.jar:/Users/toshi/.m2/repository/org/slf4j/slf4j-api/2.0.12/slf4j-api-2.0.12.jar:/Users/toshi/.m2/repository/org/springframework/spring-aspects/6.1.5/spring-aspects-6.1.5.jar:/Users/toshi/.m2/repository/org/springframework/boot/spring-boot-starter-test/3.2.4/spring-boot-starter-test-3.2.4.jar:/Users/toshi/.m2/repository/org/springframework/boot/spring-boot-starter/3.2.4/spring-boot-starter-3.2.4.jar:/Users/toshi/.m2/repository/org/springframework/boot/spring-boot/3.2.4/spring-boot-3.2.4.jar:/Users/toshi/.m2/repository/org/springframework/boot/spring-boot-autoconfigure/3.2.4/spring-boot-autoconfigure-3.2.4.jar:/Users/toshi/.m2/repository/org/springframework/boot/spring-boot-starter-logging/3.2.4/spring-boot-starter-logging-3.2.4.jar:/Users/toshi/.m2/repository/ch/qos/logback/logback-classic/1.4.14/logback-classic-1.4.14.jar:/Users/toshi/.m2/repository/ch/qos/logback/logback-core/1.4.14/logback-core-1.4.14.jar:/Users/toshi/.m2/repository/org/apache/logging/log4j/log4j-to-slf4j/2.21.1/log4j-to-slf4j-2.21.1.jar:/Users/toshi/.m2/repository/org/apache/logging/log4j/log4j-api/2.21.1/log4j-api-2.21.1.jar:/Users/toshi/.m2/repository/org/slf4j/jul-to-slf4j/2.0.12/jul-to-slf4j-2.0.12.jar:/Users/toshi/.m2/repository/org/yaml/snakeyaml/2.2/snakeyaml-2.2.jar:/Users/toshi/.m2/repository/org/springframework/boot/spring-boot-test/3.2.4/spring-boot-test-3.2.4.jar:/Users/toshi/.m2/repository/org/springframework/boot/spring-boot-test-autoconfigure/3.2.4/spring-boot-test-autoconfigure-3.2.4.jar:/Users/toshi/.m2/repository/com/jayway/jsonpath/json-path/2.9.0/json-path-2.9.0.jar:/Users/toshi/.m2/repository/jakarta/xml/bind/jakarta.xml.bind-api/4.0.2/jakarta.xml.bind-api-4.0.2.jar:/Users/toshi/.m2/repository/jakarta/activation/jakarta.activation-api/2.1.3/jakarta.activation-api-2.1.3.jar:/Users/toshi/.m2/repository/net/minidev/json-smart/2.5.0/json-smart-2.5.0.jar:/Users/toshi/.m2/repository/net/minidev/accessors-smart/2.5.0/accessors-smart-2.5.0.jar:/Users/toshi/.m2/repository/org/ow2/asm/asm/9.3/asm-9.3.jar:/Users/toshi/.m2/repository/org/assertj/assertj-core/3.24.2/assertj-core-3.24.2.jar:/Users/toshi/.m2/repository/org/awaitility/awaitility/4.2.0/awaitility-4.2.0.jar:/Users/toshi/.m2/repository/org/hamcrest/hamcrest/2.2/hamcrest-2.2.jar:/Users/toshi/.m2/repository/org/junit/jupiter/junit-jupiter/5.10.2/junit-jupiter-5.10.2.jar:/Users/toshi/.m2/repository/org/junit/jupiter/junit-jupiter-api/5.10.2/junit-jupiter-api-5.10.2.jar:/Users/toshi/.m2/repository/org/opentest4j/opentest4j/1.3.0/opentest4j-1.3.0.jar:/Users/toshi/.m2/repository/org/junit/platform/junit-platform-commons/1.10.2/junit-platform-commons-1.10.2.jar:/Users/toshi/.m2/repository/org/apiguardian/apiguardian-api/1.1.2/apiguardian-api-1.1.2.jar:/Users/toshi/.m2/repository/org/junit/jupiter/junit-jupiter-params/5.10.2/junit-jupiter-params-5.10.2.jar:/Users/toshi/.m2/repository/org/junit/jupiter/junit-jupiter-engine/5.10.2/junit-jupiter-engine-5.10.2.jar:/Users/toshi/.m2/repository/org/junit/platform/junit-platform-engine/1.10.2/junit-platform-engine-1.10.2.jar:/Users/toshi/.m2/repository/org/mockito/mockito-core/5.7.0/mockito-core-5.7.0.jar:/Users/toshi/.m2/repository/net/bytebuddy/byte-buddy-agent/1.14.12/byte-buddy-agent-1.14.12.jar:/Users/toshi/.m2/repository/org/objenesis/objenesis/3.3/objenesis-3.3.jar:/Users/toshi/.m2/repository/org/mockito/mockito-junit-jupiter/5.7.0/mockito-junit-jupiter-5.7.0.jar:/Users/toshi/.m2/repository/org/skyscreamer/jsonassert/1.5.1/jsonassert-1.5.1.jar:/Users/toshi/.m2/repository/com/vaadin/external/google/android-json/0.0.20131108.vaadin1/android-json-0.0.20131108.vaadin1.jar:/Users/toshi/.m2/repository/org/springframework/spring-core/6.1.5/spring-core-6.1.5.jar:/Users/toshi/.m2/repository/org/springframework/spring-jcl/6.1.5/spring-jcl-6.1.5.jar:/Users/toshi/.m2/repository/org/springframework/spring-test/6.1.5/spring-test-6.1.5.jar:/Users/toshi/.m2/repository/org/xmlunit/xmlunit-core/2.9.1/xmlunit-core-2.9.1.jar:/Users/toshi/.m2/repository/org/projectlombok/lombok/1.18.30/lombok-1.18.30.jar:/Users/toshi/.m2/repository/com/mysql/mysql-connector-j/8.3.0/mysql-connector-j-8.3.0.jar:/Users/toshi/.m2/repository/org/springframework/boot/spring-boot-starter-web/3.2.4/spring-boot-starter-web-3.2.4.jar:/Users/toshi/.m2/repository/org/springframework/boot/spring-boot-starter-json/3.2.4/spring-boot-starter-json-3.2.4.jar:/Users/toshi/.m2/repository/com/fasterxml/jackson/core/jackson-databind/2.15.4/jackson-databind-2.15.4.jar:/Users/toshi/.m2/repository/com/fasterxml/jackson/core/jackson-annotations/2.15.4/jackson-annotations-2.15.4.jar:/Users/toshi/.m2/repository/com/fasterxml/jackson/core/jackson-core/2.15.4/jackson-core-2.15.4.jar:/Users/toshi/.m2/repository/com/fasterxml/jackson/datatype/jackson-datatype-jdk8/2.15.4/jackson-datatype-jdk8-2.15.4.jar:/Users/toshi/.m2/repository/com/fasterxml/jackson/datatype/jackson-datatype-jsr310/2.15.4/jackson-datatype-jsr310-2.15.4.jar:/Users/toshi/.m2/repository/com/fasterxml/jackson/module/jackson-module-parameter-names/2.15.4/jackson-module-parameter-names-2.15.4.jar:/Users/toshi/.m2/repository/org/springframework/boot/spring-boot-starter-tomcat/3.2.4/spring-boot-starter-tomcat-3.2.4.jar:/Users/toshi/.m2/repository/org/apache/tomcat/embed/tomcat-embed-core/10.1.19/tomcat-embed-core-10.1.19.jar:/Users/toshi/.m2/repository/org/apache/tomcat/embed/tomcat-embed-el/10.1.19/tomcat-embed-el-10.1.19.jar:/Users/toshi/.m2/repository/org/apache/tomcat/embed/tomcat-embed-websocket/10.1.19/tomcat-embed-websocket-10.1.19.jar:/Users/toshi/.m2/repository/org/springframework/spring-web/6.1.5/spring-web-6.1.5.jar:/Users/toshi/.m2/repository/io/micrometer/micrometer-observation/1.12.4/micrometer-observation-1.12.4.jar:/Users/toshi/.m2/repository/io/micrometer/micrometer-commons/1.12.4/micrometer-commons-1.12.4.jar:/Users/toshi/.m2/repository/org/springframework/spring-webmvc/6.1.5/spring-webmvc-6.1.5.jar:/Users/toshi/.m2/repository/org/springframework/spring-expression/6.1.5/spring-expression-6.1.5.jar:"/>
    <property name="java.vm.vendor" value="Homebrew"/>
    <property name="sun.arch.data.model" value="64"/>
    <property name="java.vendor.url" value="https://github.com/Homebrew/homebrew-core/issues"/>
    <property name="user.timezone" value="America/Chicago"/>
    <property name="org.jboss.logging.provider" value="slf4j"/>
    <property name="os.name" value="Mac OS X"/>
    <property name="java.vm.specification.version" value="21"/>
    <property name="sun.java.launcher" value="SUN_STANDARD"/>
    <property name="user.country" value="US"/>
    <property name="sun.boot.library.path" value="/opt/homebrew/Cellar/openjdk/21.0.2/libexec/openjdk.jdk/Contents/Home/lib"/>
    <property name="sun.java.command" value="/Users/toshi/Documents/GitHub/Lab12ASD/target/surefire/surefirebooter-20240420183310856_3.jar /Users/toshi/Documents/GitHub/Lab12ASD/target/surefire 2024-04-20T18-33-10_811-jvmRun1 surefire-20240420183310856_1tmp surefire_0-20240420183310856_2tmp"/>
    <property name="http.nonProxyHosts" value="local|*.local|169.254/16|*.169.254/16"/>
    <property name="jdk.debug" value="release"/>
    <property name="surefire.test.class.path" value="/Users/toshi/Documents/GitHub/Lab12ASD/target/test-classes:/Users/toshi/Documents/GitHub/Lab12ASD/target/classes:/Users/toshi/.m2/repository/com/microsoft/sqlserver/mssql-jdbc/12.6.1.jre11/mssql-jdbc-12.6.1.jre11.jar:/Users/toshi/.m2/repository/org/springframework/boot/spring-boot-starter-data-jpa/3.2.4/spring-boot-starter-data-jpa-3.2.4.jar:/Users/toshi/.m2/repository/org/springframework/boot/spring-boot-starter-aop/3.2.4/spring-boot-starter-aop-3.2.4.jar:/Users/toshi/.m2/repository/org/springframework/spring-aop/6.1.5/spring-aop-6.1.5.jar:/Users/toshi/.m2/repository/org/aspectj/aspectjweaver/1.9.21/aspectjweaver-1.9.21.jar:/Users/toshi/.m2/repository/org/springframework/boot/spring-boot-starter-jdbc/3.2.4/spring-boot-starter-jdbc-3.2.4.jar:/Users/toshi/.m2/repository/com/zaxxer/HikariCP/5.0.1/HikariCP-5.0.1.jar:/Users/toshi/.m2/repository/org/springframework/spring-jdbc/6.1.5/spring-jdbc-6.1.5.jar:/Users/toshi/.m2/repository/org/hibernate/orm/hibernate-core/6.4.4.Final/hibernate-core-6.4.4.Final.jar:/Users/toshi/.m2/repository/jakarta/persistence/jakarta.persistence-api/3.1.0/jakarta.persistence-api-3.1.0.jar:/Users/toshi/.m2/repository/jakarta/transaction/jakarta.transaction-api/2.0.1/jakarta.transaction-api-2.0.1.jar:/Users/toshi/.m2/repository/org/jboss/logging/jboss-logging/3.5.3.Final/jboss-logging-3.5.3.Final.jar:/Users/toshi/.m2/repository/org/hibernate/common/hibernate-commons-annotations/6.0.6.Final/hibernate-commons-annotations-6.0.6.Final.jar:/Users/toshi/.m2/repository/io/smallrye/jandex/3.1.2/jandex-3.1.2.jar:/Users/toshi/.m2/repository/com/fasterxml/classmate/1.6.0/classmate-1.6.0.jar:/Users/toshi/.m2/repository/net/bytebuddy/byte-buddy/1.14.12/byte-buddy-1.14.12.jar:/Users/toshi/.m2/repository/org/glassfish/jaxb/jaxb-runtime/4.0.5/jaxb-runtime-4.0.5.jar:/Users/toshi/.m2/repository/org/glassfish/jaxb/jaxb-core/4.0.5/jaxb-core-4.0.5.jar:/Users/toshi/.m2/repository/org/eclipse/angus/angus-activation/2.0.2/angus-activation-2.0.2.jar:/Users/toshi/.m2/repository/org/glassfish/jaxb/txw2/4.0.5/txw2-4.0.5.jar:/Users/toshi/.m2/repository/com/sun/istack/istack-commons-runtime/4.1.2/istack-commons-runtime-4.1.2.jar:/Users/toshi/.m2/repository/jakarta/inject/jakarta.inject-api/2.0.1/jakarta.inject-api-2.0.1.jar:/Users/toshi/.m2/repository/org/antlr/antlr4-runtime/4.13.0/antlr4-runtime-4.13.0.jar:/Users/toshi/.m2/repository/org/springframework/data/spring-data-jpa/3.2.4/spring-data-jpa-3.2.4.jar:/Users/toshi/.m2/repository/org/springframework/data/spring-data-commons/3.2.4/spring-data-commons-3.2.4.jar:/Users/toshi/.m2/repository/org/springframework/spring-orm/6.1.5/spring-orm-6.1.5.jar:/Users/toshi/.m2/repository/org/springframework/spring-context/6.1.5/spring-context-6.1.5.jar:/Users/toshi/.m2/repository/org/springframework/spring-tx/6.1.5/spring-tx-6.1.5.jar:/Users/toshi/.m2/repository/org/springframework/spring-beans/6.1.5/spring-beans-6.1.5.jar:/Users/toshi/.m2/repository/jakarta/annotation/jakarta.annotation-api/2.1.1/jakarta.annotation-api-2.1.1.jar:/Users/toshi/.m2/repository/org/slf4j/slf4j-api/2.0.12/slf4j-api-2.0.12.jar:/Users/toshi/.m2/repository/org/springframework/spring-aspects/6.1.5/spring-aspects-6.1.5.jar:/Users/toshi/.m2/repository/org/springframework/boot/spring-boot-starter-test/3.2.4/spring-boot-starter-test-3.2.4.jar:/Users/toshi/.m2/repository/org/springframework/boot/spring-boot-starter/3.2.4/spring-boot-starter-3.2.4.jar:/Users/toshi/.m2/repository/org/springframework/boot/spring-boot/3.2.4/spring-boot-3.2.4.jar:/Users/toshi/.m2/repository/org/springframework/boot/spring-boot-autoconfigure/3.2.4/spring-boot-autoconfigure-3.2.4.jar:/Users/toshi/.m2/repository/org/springframework/boot/spring-boot-starter-logging/3.2.4/spring-boot-starter-logging-3.2.4.jar:/Users/toshi/.m2/repository/ch/qos/logback/logback-classic/1.4.14/logback-classic-1.4.14.jar:/Users/toshi/.m2/repository/ch/qos/logback/logback-core/1.4.14/logback-core-1.4.14.jar:/Users/toshi/.m2/repository/org/apache/logging/log4j/log4j-to-slf4j/2.21.1/log4j-to-slf4j-2.21.1.jar:/Users/toshi/.m2/repository/org/apache/logging/log4j/log4j-api/2.21.1/log4j-api-2.21.1.jar:/Users/toshi/.m2/repository/org/slf4j/jul-to-slf4j/2.0.12/jul-to-slf4j-2.0.12.jar:/Users/toshi/.m2/repository/org/yaml/snakeyaml/2.2/snakeyaml-2.2.jar:/Users/toshi/.m2/repository/org/springframework/boot/spring-boot-test/3.2.4/spring-boot-test-3.2.4.jar:/Users/toshi/.m2/repository/org/springframework/boot/spring-boot-test-autoconfigure/3.2.4/spring-boot-test-autoconfigure-3.2.4.jar:/Users/toshi/.m2/repository/com/jayway/jsonpath/json-path/2.9.0/json-path-2.9.0.jar:/Users/toshi/.m2/repository/jakarta/xml/bind/jakarta.xml.bind-api/4.0.2/jakarta.xml.bind-api-4.0.2.jar:/Users/toshi/.m2/repository/jakarta/activation/jakarta.activation-api/2.1.3/jakarta.activation-api-2.1.3.jar:/Users/toshi/.m2/repository/net/minidev/json-smart/2.5.0/json-smart-2.5.0.jar:/Users/toshi/.m2/repository/net/minidev/accessors-smart/2.5.0/accessors-smart-2.5.0.jar:/Users/toshi/.m2/repository/org/ow2/asm/asm/9.3/asm-9.3.jar:/Users/toshi/.m2/repository/org/assertj/assertj-core/3.24.2/assertj-core-3.24.2.jar:/Users/toshi/.m2/repository/org/awaitility/awaitility/4.2.0/awaitility-4.2.0.jar:/Users/toshi/.m2/repository/org/hamcrest/hamcrest/2.2/hamcrest-2.2.jar:/Users/toshi/.m2/repository/org/junit/jupiter/junit-jupiter/5.10.2/junit-jupiter-5.10.2.jar:/Users/toshi/.m2/repository/org/junit/jupiter/junit-jupiter-api/5.10.2/junit-jupiter-api-5.10.2.jar:/Users/toshi/.m2/repository/org/opentest4j/opentest4j/1.3.0/opentest4j-1.3.0.jar:/Users/toshi/.m2/repository/org/junit/platform/junit-platform-commons/1.10.2/junit-platform-commons-1.10.2.jar:/Users/toshi/.m2/repository/org/apiguardian/apiguardian-api/1.1.2/apiguardian-api-1.1.2.jar:/Users/toshi/.m2/repository/org/junit/jupiter/junit-jupiter-params/5.10.2/junit-jupiter-params-5.10.2.jar:/Users/toshi/.m2/repository/org/junit/jupiter/junit-jupiter-engine/5.10.2/junit-jupiter-engine-5.10.2.jar:/Users/toshi/.m2/repository/org/junit/platform/junit-platform-engine/1.10.2/junit-platform-engine-1.10.2.jar:/Users/toshi/.m2/repository/org/mockito/mockito-core/5.7.0/mockito-core-5.7.0.jar:/Users/toshi/.m2/repository/net/bytebuddy/byte-buddy-agent/1.14.12/byte-buddy-agent-1.14.12.jar:/Users/toshi/.m2/repository/org/objenesis/objenesis/3.3/objenesis-3.3.jar:/Users/toshi/.m2/repository/org/mockito/mockito-junit-jupiter/5.7.0/mockito-junit-jupiter-5.7.0.jar:/Users/toshi/.m2/repository/org/skyscreamer/jsonassert/1.5.1/jsonassert-1.5.1.jar:/Users/toshi/.m2/repository/com/vaadin/external/google/android-json/0.0.20131108.vaadin1/android-json-0.0.20131108.vaadin1.jar:/Users/toshi/.m2/repository/org/springframework/spring-core/6.1.5/spring-core-6.1.5.jar:/Users/toshi/.m2/repository/org/springframework/spring-jcl/6.1.5/spring-jcl-6.1.5.jar:/Users/toshi/.m2/repository/org/springframework/spring-test/6.1.5/spring-test-6.1.5.jar:/Users/toshi/.m2/repository/org/xmlunit/xmlunit-core/2.9.1/xmlunit-core-2.9.1.jar:/Users/toshi/.m2/repository/org/projectlombok/lombok/1.18.30/lombok-1.18.30.jar:/Users/toshi/.m2/repository/com/mysql/mysql-connector-j/8.3.0/mysql-connector-j-8.3.0.jar:/Users/toshi/.m2/repository/org/springframework/boot/spring-boot-starter-web/3.2.4/spring-boot-starter-web-3.2.4.jar:/Users/toshi/.m2/repository/org/springframework/boot/spring-boot-starter-json/3.2.4/spring-boot-starter-json-3.2.4.jar:/Users/toshi/.m2/repository/com/fasterxml/jackson/core/jackson-databind/2.15.4/jackson-databind-2.15.4.jar:/Users/toshi/.m2/repository/com/fasterxml/jackson/core/jackson-annotations/2.15.4/jackson-annotations-2.15.4.jar:/Users/toshi/.m2/repository/com/fasterxml/jackson/core/jackson-core/2.15.4/jackson-core-2.15.4.jar:/Users/toshi/.m2/repository/com/fasterxml/jackson/datatype/jackson-datatype-jdk8/2.15.4/jackson-datatype-jdk8-2.15.4.jar:/Users/toshi/.m2/repository/com/fasterxml/jackson/datatype/jackson-datatype-jsr310/2.15.4/jackson-datatype-jsr310-2.15.4.jar:/Users/toshi/.m2/repository/com/fasterxml/jackson/module/jackson-module-parameter-names/2.15.4/jackson-module-parameter-names-2.15.4.jar:/Users/toshi/.m2/repository/org/springframework/boot/spring-boot-starter-tomcat/3.2.4/spring-boot-starter-tomcat-3.2.4.jar:/Users/toshi/.m2/repository/org/apache/tomcat/embed/tomcat-embed-core/10.1.19/tomcat-embed-core-10.1.19.jar:/Users/toshi/.m2/repository/org/apache/tomcat/embed/tomcat-embed-el/10.1.19/tomcat-embed-el-10.1.19.jar:/Users/toshi/.m2/repository/org/apache/tomcat/embed/tomcat-embed-websocket/10.1.19/tomcat-embed-websocket-10.1.19.jar:/Users/toshi/.m2/repository/org/springframework/spring-web/6.1.5/spring-web-6.1.5.jar:/Users/toshi/.m2/repository/io/micrometer/micrometer-observation/1.12.4/micrometer-observation-1.12.4.jar:/Users/toshi/.m2/repository/io/micrometer/micrometer-commons/1.12.4/micrometer-commons-1.12.4.jar:/Users/toshi/.m2/repository/org/springframework/spring-webmvc/6.1.5/spring-webmvc-6.1.5.jar:/Users/toshi/.m2/repository/org/springframework/spring-expression/6.1.5/spring-expression-6.1.5.jar:"/>
    <property name="sun.cpu.endian" value="little"/>
    <property name="user.home" value="/Users/toshi"/>
    <property name="user.language" value="en"/>
    <property name="java.specification.vendor" value="Oracle Corporation"/>
    <property name="java.version.date" value="2024-01-16"/>
    <property name="java.home" value="/opt/homebrew/Cellar/openjdk/21.0.2/libexec/openjdk.jdk/Contents/Home"/>
    <property name="file.separator" value="/"/>
    <property name="basedir" value="/Users/toshi/Documents/GitHub/Lab12ASD"/>
    <property name="java.vm.compressedOopsMode" value="Zero based"/>
    <property name="line.separator" value="&#10;"/>
    <property name="java.vm.specification.vendor" value="Oracle Corporation"/>
    <property name="java.specification.name" value="Java Platform API Specification"/>
    <property name="FILE_LOG_CHARSET" value="UTF-8"/>
    <property name="java.awt.headless" value="true"/>
    <property name="apple.awt.application.name" value="ForkedBooter"/>
    <property name="surefire.real.class.path" value="/Users/toshi/Documents/GitHub/Lab12ASD/target/surefire/surefirebooter-20240420183310856_3.jar"/>
    <property name="sun.management.compiler" value="HotSpot 64-Bit Tiered Compilers"/>
    <property name="ftp.nonProxyHosts" value="local|*.local|169.254/16|*.169.254/16"/>
    <property name="java.runtime.version" value="21.0.2"/>
    <property name="user.name" value="toshi"/>
    <property name="stdout.encoding" value="UTF-8"/>
    <property name="path.separator" value=":"/>
    <property name="os.version" value="14.4.1"/>
    <property name="java.runtime.name" value="OpenJDK Runtime Environment"/>
    <property name="file.encoding" value="UTF-8"/>
    <property name="java.vm.name" value="OpenJDK 64-Bit Server VM"/>
    <property name="java.vendor.version" value="Homebrew"/>
    <property name="localRepository" value="/Users/toshi/.m2/repository"/>
    <property name="java.vendor.url.bug" value="https://github.com/Homebrew/homebrew-core/issues"/>
    <property name="java.io.tmpdir" value="/var/folders/5d/8ht4b8m11zgc5ww51q0lcfmc0000gn/T/"/>
    <property name="com.zaxxer.hikari.pool_number" value="1"/>
    <property name="java.version" value="21.0.2"/>
    <property name="user.dir" value="/Users/toshi/Documents/GitHub/Lab12ASD"/>
    <property name="os.arch" value="aarch64"/>
    <property name="java.vm.specification.name" value="Java Virtual Machine Specification"/>
    <property name="PID" value="3001"/>
    <property name="CONSOLE_LOG_CHARSET" value="UTF-8"/>
    <property name="native.encoding" value="UTF-8"/>
    <property name="java.library.path" value="/Users/toshi/Library/Java/Extensions:/Library/Java/Extensions:/Network/Library/Java/Extensions:/System/Library/Java/Extensions:/usr/lib/java:."/>
    <property name="java.vm.info" value="mixed mode, sharing"/>
    <property name="stderr.encoding" value="UTF-8"/>
    <property name="java.vendor" value="Homebrew"/>
    <property name="java.vm.version" value="21.0.2"/>
    <property name="sun.io.unicode.encoding" value="UnicodeBig"/>
    <property name="socksNonProxyHosts" value="local|*.local|169.254/16|*.169.254/16"/>
    <property name="java.class.version" value="65.0"/>
    <property name="LOGGED_APPLICATION_NAME" value="[Lab_12] "/>
  </properties>
  <testcase name="contextLoads" classname="edu.miu.cs489.tsogt.lab_12.Lab12ApplicationTests" time="0.348">
    <system-out><![CDATA[18:33:11.242 [main] INFO org.springframework.test.context.support.AnnotationConfigContextLoaderUtils -- Could not detect default configuration classes for test class [edu.miu.cs489.tsogt.lab_12.Lab12ApplicationTests]: Lab12ApplicationTests does not declare any static, non-private, non-final, nested classes annotated with @Configuration.
18:33:11.286 [main] INFO org.springframework.boot.test.context.SpringBootTestContextBootstrapper -- Found @SpringBootConfiguration edu.miu.cs489.tsogt.lab_12.Lab12Application for test class edu.miu.cs489.tsogt.lab_12.Lab12ApplicationTests

  .   ____          _            __ _ _
 /\\ / ___'_ __ _ _(_)_ __  __ _ \ \ \ \
( ( )\___ | '_ | '_| | '_ \/ _` | \ \ \ \
 \\/  ___)| |_)| | | | | || (_| |  ) ) ) )
  '  |____| .__|_| |_|_| |_\__, | / / / /
 =========|_|==============|___/=/_/_/_/
 :: Spring Boot ::                (v3.2.4)

2024-04-20T18:33:11.448-05:00  INFO 3001 --- [Lab_12] [           main] e.m.c.t.lab_12.Lab12ApplicationTests     : Starting Lab12ApplicationTests using Java 21.0.2 with PID 3001 (started by toshi in /Users/toshi/Documents/GitHub/Lab12ASD)
2024-04-20T18:33:11.449-05:00  INFO 3001 --- [Lab_12] [           main] e.m.c.t.lab_12.Lab12ApplicationTests     : No active profile set, falling back to 1 default profile: "default"
2024-04-20T18:33:11.742-05:00  INFO 3001 --- [Lab_12] [           main] .s.d.r.c.RepositoryConfigurationDelegate : Bootstrapping Spring Data JPA repositories in DEFAULT mode.
2024-04-20T18:33:11.770-05:00  INFO 3001 --- [Lab_12] [           main] .s.d.r.c.RepositoryConfigurationDelegate : Finished Spring Data repository scanning in 24 ms. Found 5 JPA repository interfaces.
2024-04-20T18:33:12.001-05:00  INFO 3001 --- [Lab_12] [           main] o.hibernate.jpa.internal.util.LogHelper  : HHH000204: Processing PersistenceUnitInfo [name: default]
2024-04-20T18:33:12.029-05:00  INFO 3001 --- [Lab_12] [           main] org.hibernate.Version                    : HHH000412: Hibernate ORM core version 6.4.4.Final
2024-04-20T18:33:12.046-05:00  INFO 3001 --- [Lab_12] [           main] o.h.c.internal.RegionFactoryInitiator    : HHH000026: Second-level cache disabled
2024-04-20T18:33:12.158-05:00  INFO 3001 --- [Lab_12] [           main] o.s.o.j.p.SpringPersistenceUnitInfo      : No LoadTimeWeaver setup: ignoring JPA class transformer
2024-04-20T18:33:12.171-05:00  INFO 3001 --- [Lab_12] [           main] com.zaxxer.hikari.HikariDataSource       : HikariPool-1 - Starting...
2024-04-20T18:33:13.175-05:00  INFO 3001 --- [Lab_12] [           main] com.zaxxer.hikari.pool.HikariPool        : HikariPool-1 - Added connection com.mysql.cj.jdbc.ConnectionImpl@2712e8f4
2024-04-20T18:33:13.179-05:00  INFO 3001 --- [Lab_12] [           main] com.zaxxer.hikari.HikariDataSource       : HikariPool-1 - Start completed.
2024-04-20T18:33:13.341-05:00  WARN 3001 --- [Lab_12] [           main] org.hibernate.orm.deprecation            : HHH90000025: MySQLDialect does not need to be specified explicitly using 'hibernate.dialect' (remove the property setting and it will be selected by default)
2024-04-20T18:33:13.783-05:00  INFO 3001 --- [Lab_12] [           main] o.h.e.t.j.p.i.JtaPlatformInitiator       : HHH000489: No JTA platform available (set 'hibernate.transaction.jta.platform' to enable JTA platform integration)
2024-04-20T18:33:14.746-05:00  INFO 3001 --- [Lab_12] [           main] j.LocalContainerEntityManagerFactoryBean : Initialized JPA EntityManagerFactory for persistence unit 'default'
2024-04-20T18:33:15.046-05:00  WARN 3001 --- [Lab_12] [           main] JpaBaseConfiguration$JpaWebConfiguration : spring.jpa.open-in-view is enabled by default. Therefore, database queries may be performed during view rendering. Explicitly configure spring.jpa.open-in-view to disable this warning
2024-04-20T18:33:15.206-05:00  INFO 3001 --- [Lab_12] [           main] e.m.c.t.lab_12.Lab12ApplicationTests     : Started Lab12ApplicationTests in 3.861 seconds (process running for 4.312)
Hello RESTful Web API
Lab_12 WebAPI server. Starting...
Lab_12 WebAPI server. Started.
Running Apache Tomcat service and Listening for HTTP Request on Port number, 8080
Hibernate: 
    insert 
    into
        dentist
        (contact_phone_number, email, first_name, last_name, specialization) 
    values
        (?, ?, ?, ?, ?)
Hibernate: 
    insert 
    into
        address
        (city, postal_code, state, street_address) 
    values
        (?, ?, ?, ?)
Hibernate: 
    insert 
    into
        patient
        (address_id, contact_phone_number, date_of_birth, email, first_name, last_name) 
    values
        (?, ?, ?, ?, ?, ?)
Hibernate: 
    insert 
    into
        address
        (city, postal_code, state, street_address) 
    values
        (?, ?, ?, ?)
Hibernate: 
    insert 
    into
        surgery
        (address_id, name, telephone_number) 
    values
        (?, ?, ?)
Hibernate: 
    insert 
    into
        appointment
        (appointment_date, appointment_time, dentist_id, patient_id, surgery_id) 
    values
        (?, ?, ?, ?, ?)
Hibernate: 
    insert 
    into
        address
        (city, postal_code, state, street_address) 
    values
        (?, ?, ?, ?)
Hibernate: 
    insert 
    into
        patient
        (address_id, contact_phone_number, date_of_birth, email, first_name, last_name) 
    values
        (?, ?, ?, ?, ?, ?)
Hibernate: 
    insert 
    into
        appointment
        (appointment_date, appointment_time, dentist_id, patient_id, surgery_id) 
    values
        (?, ?, ?, ?, ?)
Hibernate: 
    insert 
    into
        dentist
        (contact_phone_number, email, first_name, last_name, specialization) 
    values
        (?, ?, ?, ?, ?)
Hibernate: 
    insert 
    into
        address
        (city, postal_code, state, street_address) 
    values
        (?, ?, ?, ?)
Hibernate: 
    insert 
    into
        patient
        (address_id, contact_phone_number, date_of_birth, email, first_name, last_name) 
    values
        (?, ?, ?, ?, ?, ?)
Hibernate: 
    insert 
    into
        address
        (city, postal_code, state, street_address) 
    values
        (?, ?, ?, ?)
Hibernate: 
    insert 
    into
        surgery
        (address_id, name, telephone_number) 
    values
        (?, ?, ?)
Hibernate: 
    insert 
    into
        appointment
        (appointment_date, appointment_time, dentist_id, patient_id, surgery_id) 
    values
        (?, ?, ?, ?, ?)
Hibernate: 
    insert 
    into
        appointment
        (appointment_date, appointment_time, dentist_id, patient_id, surgery_id) 
    values
        (?, ?, ?, ?, ?)
Hibernate: 
    insert 
    into
        dentist
        (contact_phone_number, email, first_name, last_name, specialization) 
    values
        (?, ?, ?, ?, ?)
Hibernate: 
    insert 
    into
        appointment
        (appointment_date, appointment_time, dentist_id, patient_id, surgery_id) 
    values
        (?, ?, ?, ?, ?)
Hibernate: 
    insert 
    into
        address
        (city, postal_code, state, street_address) 
    values
        (?, ?, ?, ?)
Hibernate: 
    insert 
    into
        patient
        (address_id, contact_phone_number, date_of_birth, email, first_name, last_name) 
    values
        (?, ?, ?, ?, ?, ?)
Hibernate: 
    insert 
    into
        address
        (city, postal_code, state, street_address) 
    values
        (?, ?, ?, ?)
Hibernate: 
    insert 
    into
        surgery
        (address_id, name, telephone_number) 
    values
        (?, ?, ?)
Hibernate: 
    insert 
    into
        appointment
        (appointment_date, appointment_time, dentist_id, patient_id, surgery_id) 
    values
        (?, ?, ?, ?, ?)
Hibernate: 
    select
        p1_0.id,
        a1_0.id,
        a1_0.city,
        a1_0.postal_code,
        a1_0.state,
        a1_0.street_address,
        p1_0.contact_phone_number,
        p1_0.date_of_birth,
        p1_0.email,
        p1_0.first_name,
        p1_0.last_name,
        al1_0.patient_id,
        al1_0.id,
        al1_0.appointment_date,
        al1_0.appointment_time,
        d1_0.id,
        d1_0.contact_phone_number,
        d1_0.email,
        d1_0.first_name,
        d1_0.last_name,
        d1_0.specialization,
        s1_0.id,
        s1_0.address_id,
        s1_0.name,
        s1_0.telephone_number 
    from
        patient p1_0 
    left join
        address a1_0 
            on a1_0.id=p1_0.address_id 
    left join
        appointment al1_0 
            on p1_0.id=al1_0.patient_id 
    left join
        dentist d1_0 
            on d1_0.id=al1_0.dentist_id 
    left join
        surgery s1_0 
            on s1_0.id=al1_0.surgery_id 
    where
        p1_0.id=?
Hibernate: 
    select
        a1_0.id,
        a1_0.city,
        a1_0.postal_code,
        a1_0.state,
        a1_0.street_address 
    from
        address a1_0 
    where
        a1_0.id=?
Hibernate: 
    select
        a1_0.surgery_id,
        a1_0.id,
        a1_0.appointment_date,
        a1_0.appointment_time,
        d1_0.id,
        d1_0.contact_phone_number,
        d1_0.email,
        d1_0.first_name,
        d1_0.last_name,
        d1_0.specialization,
        p1_0.id,
        a2_0.id,
        a2_0.city,
        a2_0.postal_code,
        a2_0.state,
        a2_0.street_address,
        p1_0.contact_phone_number,
        p1_0.date_of_birth,
        p1_0.email,
        p1_0.first_name,
        p1_0.last_name 
    from
        appointment a1_0 
    left join
        dentist d1_0 
            on d1_0.id=a1_0.dentist_id 
    left join
        patient p1_0 
            on p1_0.id=a1_0.patient_id 
    left join
        address a2_0 
            on a2_0.id=p1_0.address_id 
    where
        a1_0.surgery_id=?
Hibernate: 
    select
        a1_0.dentist_id,
        a1_0.id,
        a1_0.appointment_date,
        a1_0.appointment_time,
        p1_0.id,
        a2_0.id,
        a2_0.city,
        a2_0.postal_code,
        a2_0.state,
        a2_0.street_address,
        p1_0.contact_phone_number,
        p1_0.date_of_birth,
        p1_0.email,
        p1_0.first_name,
        p1_0.last_name,
        s1_0.id,
        a3_0.id,
        a3_0.city,
        a3_0.postal_code,
        a3_0.state,
        a3_0.street_address,
        s1_0.name,
        s1_0.telephone_number 
    from
        appointment a1_0 
    left join
        patient p1_0 
            on p1_0.id=a1_0.patient_id 
    left join
        address a2_0 
            on a2_0.id=p1_0.address_id 
    left join
        surgery s1_0 
            on s1_0.id=a1_0.surgery_id 
    left join
        address a3_0 
            on a3_0.id=s1_0.address_id 
    where
        a1_0.dentist_id=?
Hibernate: 
    select
        p1_0.id,
        a1_0.id,
        a1_0.city,
        a1_0.postal_code,
        a1_0.state,
        a1_0.street_address,
        p1_0.contact_phone_number,
        p1_0.date_of_birth,
        p1_0.email,
        p1_0.first_name,
        p1_0.last_name,
        al1_0.patient_id,
        al1_0.id,
        al1_0.appointment_date,
        al1_0.appointment_time,
        d1_0.id,
        d1_0.contact_phone_number,
        d1_0.email,
        d1_0.first_name,
        d1_0.last_name,
        d1_0.specialization,
        s1_0.id,
        s1_0.address_id,
        s1_0.name,
        s1_0.telephone_number 
    from
        patient p1_0 
    left join
        address a1_0 
            on a1_0.id=p1_0.address_id 
    left join
        appointment al1_0 
            on p1_0.id=al1_0.patient_id 
    left join
        dentist d1_0 
            on d1_0.id=al1_0.dentist_id 
    left join
        surgery s1_0 
            on s1_0.id=al1_0.surgery_id 
    where
        p1_0.id=?
Hibernate: 
    select
        a1_0.id,
        a1_0.city,
        a1_0.postal_code,
        a1_0.state,
        a1_0.street_address 
    from
        address a1_0 
    where
        a1_0.id=?
Hibernate: 
    select
        a1_0.surgery_id,
        a1_0.id,
        a1_0.appointment_date,
        a1_0.appointment_time,
        d1_0.id,
        d1_0.contact_phone_number,
        d1_0.email,
        d1_0.first_name,
        d1_0.last_name,
        d1_0.specialization,
        p1_0.id,
        a2_0.id,
        a2_0.city,
        a2_0.postal_code,
        a2_0.state,
        a2_0.street_address,
        p1_0.contact_phone_number,
        p1_0.date_of_birth,
        p1_0.email,
        p1_0.first_name,
        p1_0.last_name 
    from
        appointment a1_0 
    left join
        dentist d1_0 
            on d1_0.id=a1_0.dentist_id 
    left join
        patient p1_0 
            on p1_0.id=a1_0.patient_id 
    left join
        address a2_0 
            on a2_0.id=p1_0.address_id 
    where
        a1_0.surgery_id=?
Hibernate: 
    select
        a1_0.dentist_id,
        a1_0.id,
        a1_0.appointment_date,
        a1_0.appointment_time,
        p1_0.id,
        a2_0.id,
        a2_0.city,
        a2_0.postal_code,
        a2_0.state,
        a2_0.street_address,
        p1_0.contact_phone_number,
        p1_0.date_of_birth,
        p1_0.email,
        p1_0.first_name,
        p1_0.last_name,
        s1_0.id,
        a3_0.id,
        a3_0.city,
        a3_0.postal_code,
        a3_0.state,
        a3_0.street_address,
        s1_0.name,
        s1_0.telephone_number 
    from
        appointment a1_0 
    left join
        patient p1_0 
            on p1_0.id=a1_0.patient_id 
    left join
        address a2_0 
            on a2_0.id=p1_0.address_id 
    left join
        surgery s1_0 
            on s1_0.id=a1_0.surgery_id 
    left join
        address a3_0 
            on a3_0.id=s1_0.address_id 
    where
        a1_0.dentist_id=?
Hibernate: 
    select
        p1_0.id,
        a1_0.id,
        a1_0.city,
        a1_0.postal_code,
        a1_0.state,
        a1_0.street_address,
        p1_0.contact_phone_number,
        p1_0.date_of_birth,
        p1_0.email,
        p1_0.first_name,
        p1_0.last_name,
        al1_0.patient_id,
        al1_0.id,
        al1_0.appointment_date,
        al1_0.appointment_time,
        d1_0.id,
        d1_0.contact_phone_number,
        d1_0.email,
        d1_0.first_name,
        d1_0.last_name,
        d1_0.specialization,
        s1_0.id,
        s1_0.address_id,
        s1_0.name,
        s1_0.telephone_number 
    from
        patient p1_0 
    left join
        address a1_0 
            on a1_0.id=p1_0.address_id 
    left join
        appointment al1_0 
            on p1_0.id=al1_0.patient_id 
    left join
        dentist d1_0 
            on d1_0.id=al1_0.dentist_id 
    left join
        surgery s1_0 
            on s1_0.id=al1_0.surgery_id 
    where
        p1_0.id=?
Hibernate: 
    select
        a1_0.id,
        a1_0.city,
        a1_0.postal_code,
        a1_0.state,
        a1_0.street_address 
    from
        address a1_0 
    where
        a1_0.id=?
Hibernate: 
    select
        a1_0.surgery_id,
        a1_0.id,
        a1_0.appointment_date,
        a1_0.appointment_time,
        d1_0.id,
        d1_0.contact_phone_number,
        d1_0.email,
        d1_0.first_name,
        d1_0.last_name,
        d1_0.specialization,
        p1_0.id,
        a2_0.id,
        a2_0.city,
        a2_0.postal_code,
        a2_0.state,
        a2_0.street_address,
        p1_0.contact_phone_number,
        p1_0.date_of_birth,
        p1_0.email,
        p1_0.first_name,
        p1_0.last_name 
    from
        appointment a1_0 
    left join
        dentist d1_0 
            on d1_0.id=a1_0.dentist_id 
    left join
        patient p1_0 
            on p1_0.id=a1_0.patient_id 
    left join
        address a2_0 
            on a2_0.id=p1_0.address_id 
    where
        a1_0.surgery_id=?
Hibernate: 
    select
        d1_0.id,
        d1_0.contact_phone_number,
        d1_0.email,
        d1_0.first_name,
        d1_0.last_name,
        d1_0.specialization,
        a1_0.dentist_id,
        a1_0.id,
        a1_0.appointment_date,
        a1_0.appointment_time,
        p1_0.id,
        p1_0.address_id,
        p1_0.contact_phone_number,
        p1_0.date_of_birth,
        p1_0.email,
        p1_0.first_name,
        p1_0.last_name,
        s1_0.id,
        s1_0.address_id,
        s1_0.name,
        s1_0.telephone_number 
    from
        dentist d1_0 
    left join
        appointment a1_0 
            on d1_0.id=a1_0.dentist_id 
    left join
        patient p1_0 
            on p1_0.id=a1_0.patient_id 
    left join
        surgery s1_0 
            on s1_0.id=a1_0.surgery_id 
    where
        d1_0.id=?
Hibernate: 
    select
        a1_0.id,
        a1_0.city,
        a1_0.postal_code,
        a1_0.state,
        a1_0.street_address 
    from
        address a1_0 
    where
        a1_0.id=?
Hibernate: 
    select
        a1_0.id,
        a1_0.city,
        a1_0.postal_code,
        a1_0.state,
        a1_0.street_address 
    from
        address a1_0 
    where
        a1_0.id=?
Hibernate: 
    select
        a1_0.id,
        a1_0.city,
        a1_0.postal_code,
        a1_0.state,
        a1_0.street_address 
    from
        address a1_0 
    where
        a1_0.id=?
Hibernate: 
    select
        al1_0.patient_id,
        al1_0.id,
        al1_0.appointment_date,
        al1_0.appointment_time,
        d1_0.id,
        d1_0.contact_phone_number,
        d1_0.email,
        d1_0.first_name,
        d1_0.last_name,
        d1_0.specialization,
        s1_0.id,
        a1_0.id,
        a1_0.city,
        a1_0.postal_code,
        a1_0.state,
        a1_0.street_address,
        s1_0.name,
        s1_0.telephone_number 
    from
        appointment al1_0 
    left join
        dentist d1_0 
            on d1_0.id=al1_0.dentist_id 
    left join
        surgery s1_0 
            on s1_0.id=al1_0.surgery_id 
    left join
        address a1_0 
            on a1_0.id=s1_0.address_id 
    where
        al1_0.patient_id=?
Hibernate: 
    select
        a1_0.surgery_id,
        a1_0.id,
        a1_0.appointment_date,
        a1_0.appointment_time,
        d1_0.id,
        d1_0.contact_phone_number,
        d1_0.email,
        d1_0.first_name,
        d1_0.last_name,
        d1_0.specialization,
        p1_0.id,
        a2_0.id,
        a2_0.city,
        a2_0.postal_code,
        a2_0.state,
        a2_0.street_address,
        p1_0.contact_phone_number,
        p1_0.date_of_birth,
        p1_0.email,
        p1_0.first_name,
        p1_0.last_name 
    from
        appointment a1_0 
    left join
        dentist d1_0 
            on d1_0.id=a1_0.dentist_id 
    left join
        patient p1_0 
            on p1_0.id=a1_0.patient_id 
    left join
        address a2_0 
            on a2_0.id=p1_0.address_id 
    where
        a1_0.surgery_id=?
Hibernate: 
    select
        al1_0.patient_id,
        al1_0.id,
        al1_0.appointment_date,
        al1_0.appointment_time,
        d1_0.id,
        d1_0.contact_phone_number,
        d1_0.email,
        d1_0.first_name,
        d1_0.last_name,
        d1_0.specialization,
        s1_0.id,
        a1_0.id,
        a1_0.city,
        a1_0.postal_code,
        a1_0.state,
        a1_0.street_address,
        s1_0.name,
        s1_0.telephone_number 
    from
        appointment al1_0 
    left join
        dentist d1_0 
            on d1_0.id=al1_0.dentist_id 
    left join
        surgery s1_0 
            on s1_0.id=al1_0.surgery_id 
    left join
        address a1_0 
            on a1_0.id=s1_0.address_id 
    where
        al1_0.patient_id=?
Hibernate: 
    select
        d1_0.id,
        d1_0.contact_phone_number,
        d1_0.email,
        d1_0.first_name,
        d1_0.last_name,
        d1_0.specialization,
        a1_0.dentist_id,
        a1_0.id,
        a1_0.appointment_date,
        a1_0.appointment_time,
        p1_0.id,
        p1_0.address_id,
        p1_0.contact_phone_number,
        p1_0.date_of_birth,
        p1_0.email,
        p1_0.first_name,
        p1_0.last_name,
        s1_0.id,
        s1_0.address_id,
        s1_0.name,
        s1_0.telephone_number 
    from
        dentist d1_0 
    left join
        appointment a1_0 
            on d1_0.id=a1_0.dentist_id 
    left join
        patient p1_0 
            on p1_0.id=a1_0.patient_id 
    left join
        surgery s1_0 
            on s1_0.id=a1_0.surgery_id 
    where
        d1_0.id=?
Hibernate: 
    select
        a1_0.id,
        a1_0.city,
        a1_0.postal_code,
        a1_0.state,
        a1_0.street_address 
    from
        address a1_0 
    where
        a1_0.id=?
Hibernate: 
    select
        a1_0.id,
        a1_0.city,
        a1_0.postal_code,
        a1_0.state,
        a1_0.street_address 
    from
        address a1_0 
    where
        a1_0.id=?
Hibernate: 
    select
        a1_0.surgery_id,
        a1_0.id,
        a1_0.appointment_date,
        a1_0.appointment_time,
        d1_0.id,
        d1_0.contact_phone_number,
        d1_0.email,
        d1_0.first_name,
        d1_0.last_name,
        d1_0.specialization,
        p1_0.id,
        a2_0.id,
        a2_0.city,
        a2_0.postal_code,
        a2_0.state,
        a2_0.street_address,
        p1_0.contact_phone_number,
        p1_0.date_of_birth,
        p1_0.email,
        p1_0.first_name,
        p1_0.last_name 
    from
        appointment a1_0 
    left join
        dentist d1_0 
            on d1_0.id=a1_0.dentist_id 
    left join
        patient p1_0 
            on p1_0.id=a1_0.patient_id 
    left join
        address a2_0 
            on a2_0.id=p1_0.address_id 
    where
        a1_0.surgery_id=?
Hibernate: 
    select
        al1_0.patient_id,
        al1_0.id,
        al1_0.appointment_date,
        al1_0.appointment_time,
        d1_0.id,
        d1_0.contact_phone_number,
        d1_0.email,
        d1_0.first_name,
        d1_0.last_name,
        d1_0.specialization,
        s1_0.id,
        a1_0.id,
        a1_0.city,
        a1_0.postal_code,
        a1_0.state,
        a1_0.street_address,
        s1_0.name,
        s1_0.telephone_number 
    from
        appointment al1_0 
    left join
        dentist d1_0 
            on d1_0.id=al1_0.dentist_id 
    left join
        surgery s1_0 
            on s1_0.id=al1_0.surgery_id 
    left join
        address a1_0 
            on a1_0.id=s1_0.address_id 
    where
        al1_0.patient_id=?
Hibernate: 
    select
        s1_0.id,
        a1_0.id,
        a1_0.city,
        a1_0.postal_code,
        a1_0.state,
        a1_0.street_address,
        s1_0.name,
        s1_0.telephone_number,
        a2_0.surgery_id,
        a2_0.id,
        a2_0.appointment_date,
        a2_0.appointment_time,
        d1_0.id,
        d1_0.contact_phone_number,
        d1_0.email,
        d1_0.first_name,
        d1_0.last_name,
        d1_0.specialization,
        p1_0.id,
        p1_0.address_id,
        p1_0.contact_phone_number,
        p1_0.date_of_birth,
        p1_0.email,
        p1_0.first_name,
        p1_0.last_name 
    from
        surgery s1_0 
    left join
        address a1_0 
            on a1_0.id=s1_0.address_id 
    left join
        appointment a2_0 
            on s1_0.id=a2_0.surgery_id 
    left join
        dentist d1_0 
            on d1_0.id=a2_0.dentist_id 
    left join
        patient p1_0 
            on p1_0.id=a2_0.patient_id 
    where
        s1_0.id=?
Hibernate: 
    select
        a1_0.id,
        a1_0.city,
        a1_0.postal_code,
        a1_0.state,
        a1_0.street_address 
    from
        address a1_0 
    where
        a1_0.id=?
Hibernate: 
    select
        a1_0.id,
        a1_0.city,
        a1_0.postal_code,
        a1_0.state,
        a1_0.street_address 
    from
        address a1_0 
    where
        a1_0.id=?
Hibernate: 
    select
        a1_0.dentist_id,
        a1_0.id,
        a1_0.appointment_date,
        a1_0.appointment_time,
        p1_0.id,
        a2_0.id,
        a2_0.city,
        a2_0.postal_code,
        a2_0.state,
        a2_0.street_address,
        p1_0.contact_phone_number,
        p1_0.date_of_birth,
        p1_0.email,
        p1_0.first_name,
        p1_0.last_name,
        s1_0.id,
        a3_0.id,
        a3_0.city,
        a3_0.postal_code,
        a3_0.state,
        a3_0.street_address,
        s1_0.name,
        s1_0.telephone_number 
    from
        appointment a1_0 
    left join
        patient p1_0 
            on p1_0.id=a1_0.patient_id 
    left join
        address a2_0 
            on a2_0.id=p1_0.address_id 
    left join
        surgery s1_0 
            on s1_0.id=a1_0.surgery_id 
    left join
        address a3_0 
            on a3_0.id=s1_0.address_id 
    where
        a1_0.dentist_id=?
Hibernate: 
    select
        al1_0.patient_id,
        al1_0.id,
        al1_0.appointment_date,
        al1_0.appointment_time,
        d1_0.id,
        d1_0.contact_phone_number,
        d1_0.email,
        d1_0.first_name,
        d1_0.last_name,
        d1_0.specialization,
        s1_0.id,
        a1_0.id,
        a1_0.city,
        a1_0.postal_code,
        a1_0.state,
        a1_0.street_address,
        s1_0.name,
        s1_0.telephone_number 
    from
        appointment al1_0 
    left join
        dentist d1_0 
            on d1_0.id=al1_0.dentist_id 
    left join
        surgery s1_0 
            on s1_0.id=al1_0.surgery_id 
    left join
        address a1_0 
            on a1_0.id=s1_0.address_id 
    where
        al1_0.patient_id=?
Hibernate: 
    select
        al1_0.patient_id,
        al1_0.id,
        al1_0.appointment_date,
        al1_0.appointment_time,
        d1_0.id,
        d1_0.contact_phone_number,
        d1_0.email,
        d1_0.first_name,
        d1_0.last_name,
        d1_0.specialization,
        s1_0.id,
        a1_0.id,
        a1_0.city,
        a1_0.postal_code,
        a1_0.state,
        a1_0.street_address,
        s1_0.name,
        s1_0.telephone_number 
    from
        appointment al1_0 
    left join
        dentist d1_0 
            on d1_0.id=al1_0.dentist_id 
    left join
        surgery s1_0 
            on s1_0.id=al1_0.surgery_id 
    left join
        address a1_0 
            on a1_0.id=s1_0.address_id 
    where
        al1_0.patient_id=?
Hibernate: 
    select
        a1_0.dentist_id,
        a1_0.id,
        a1_0.appointment_date,
        a1_0.appointment_time,
        p1_0.id,
        a2_0.id,
        a2_0.city,
        a2_0.postal_code,
        a2_0.state,
        a2_0.street_address,
        p1_0.contact_phone_number,
        p1_0.date_of_birth,
        p1_0.email,
        p1_0.first_name,
        p1_0.last_name,
        s1_0.id,
        a3_0.id,
        a3_0.city,
        a3_0.postal_code,
        a3_0.state,
        a3_0.street_address,
        s1_0.name,
        s1_0.telephone_number 
    from
        appointment a1_0 
    left join
        patient p1_0 
            on p1_0.id=a1_0.patient_id 
    left join
        address a2_0 
            on a2_0.id=p1_0.address_id 
    left join
        surgery s1_0 
            on s1_0.id=a1_0.surgery_id 
    left join
        address a3_0 
            on a3_0.id=s1_0.address_id 
    where
        a1_0.dentist_id=?
Hibernate: 
    select
        s1_0.id,
        a1_0.id,
        a1_0.city,
        a1_0.postal_code,
        a1_0.state,
        a1_0.street_address,
        s1_0.name,
        s1_0.telephone_number,
        a2_0.surgery_id,
        a2_0.id,
        a2_0.appointment_date,
        a2_0.appointment_time,
        d1_0.id,
        d1_0.contact_phone_number,
        d1_0.email,
        d1_0.first_name,
        d1_0.last_name,
        d1_0.specialization,
        p1_0.id,
        p1_0.address_id,
        p1_0.contact_phone_number,
        p1_0.date_of_birth,
        p1_0.email,
        p1_0.first_name,
        p1_0.last_name 
    from
        surgery s1_0 
    left join
        address a1_0 
            on a1_0.id=s1_0.address_id 
    left join
        appointment a2_0 
            on s1_0.id=a2_0.surgery_id 
    left join
        dentist d1_0 
            on d1_0.id=a2_0.dentist_id 
    left join
        patient p1_0 
            on p1_0.id=a2_0.patient_id 
    where
        s1_0.id=?
Hibernate: 
    select
        a1_0.id,
        a1_0.city,
        a1_0.postal_code,
        a1_0.state,
        a1_0.street_address 
    from
        address a1_0 
    where
        a1_0.id=?
Hibernate: 
    select
        al1_0.patient_id,
        al1_0.id,
        al1_0.appointment_date,
        al1_0.appointment_time,
        d1_0.id,
        d1_0.contact_phone_number,
        d1_0.email,
        d1_0.first_name,
        d1_0.last_name,
        d1_0.specialization,
        s1_0.id,
        a1_0.id,
        a1_0.city,
        a1_0.postal_code,
        a1_0.state,
        a1_0.street_address,
        s1_0.name,
        s1_0.telephone_number 
    from
        appointment al1_0 
    left join
        dentist d1_0 
            on d1_0.id=al1_0.dentist_id 
    left join
        surgery s1_0 
            on s1_0.id=al1_0.surgery_id 
    left join
        address a1_0 
            on a1_0.id=s1_0.address_id 
    where
        al1_0.patient_id=?
Hibernate: 
    select
        a1_0.dentist_id,
        a1_0.id,
        a1_0.appointment_date,
        a1_0.appointment_time,
        p1_0.id,
        a2_0.id,
        a2_0.city,
        a2_0.postal_code,
        a2_0.state,
        a2_0.street_address,
        p1_0.contact_phone_number,
        p1_0.date_of_birth,
        p1_0.email,
        p1_0.first_name,
        p1_0.last_name,
        s1_0.id,
        a3_0.id,
        a3_0.city,
        a3_0.postal_code,
        a3_0.state,
        a3_0.street_address,
        s1_0.name,
        s1_0.telephone_number 
    from
        appointment a1_0 
    left join
        patient p1_0 
            on p1_0.id=a1_0.patient_id 
    left join
        address a2_0 
            on a2_0.id=p1_0.address_id 
    left join
        surgery s1_0 
            on s1_0.id=a1_0.surgery_id 
    left join
        address a3_0 
            on a3_0.id=s1_0.address_id 
    where
        a1_0.dentist_id=?
]]></system-out>
    <system-err><![CDATA[WARNING: A Java agent has been loaded dynamically (/Users/toshi/.m2/repository/net/bytebuddy/byte-buddy-agent/1.14.12/byte-buddy-agent-1.14.12.jar)
WARNING: If a serviceability tool is in use, please run with -XX:+EnableDynamicAgentLoading to hide this warning
WARNING: If a serviceability tool is not in use, please run with -Djdk.instrument.traceUsage for more information
WARNING: Dynamic loading of agents will be disallowed by default in a future release
]]></system-err>
  </testcase>
</testsuite>